<?xml version="1.0" encoding="UTF-8"?>
<testng-results ignored="0" total="2" passed="2" failed="0" skipped="0">
  <reporter-output>
  </reporter-output>
  <suite started-at="2025-04-16T23:36:35 IST" name="Surefire suite" finished-at="2025-04-16T23:36:37 IST" duration-ms="2246">
    <groups>
    </groups>
    <test started-at="2025-04-16T23:36:35 IST" name="Surefire test" finished-at="2025-04-16T23:36:37 IST" duration-ms="2246">
      <class name="com.selenium.tests.LoginTest">
        <test-method is-config="true" signature="setup()[pri:0, instance:com.selenium.tests.LoginTest@6e75aa0d]" started-at="2025-04-16T23:36:35 IST" name="setup" finished-at="2025-04-16T23:36:36 IST" duration-ms="1775" status="PASS">
          <reporter-output>
          </reporter-output>
        </test-method> <!-- setup -->
        <test-method signature="testLogin()[pri:0, instance:com.selenium.tests.LoginTest@6e75aa0d]" started-at="2025-04-16T23:36:36 IST" name="testLogin" finished-at="2025-04-16T23:36:37 IST" duration-ms="228" status="PASS">
          <reporter-output>
          </reporter-output>
        </test-method> <!-- testLogin -->
        <test-method is-config="true" signature="tearDown()[pri:0, instance:com.selenium.tests.LoginTest@6e75aa0d]" started-at="2025-04-16T23:36:37 IST" name="tearDown" finished-at="2025-04-16T23:36:37 IST" duration-ms="174" status="PASS">
          <reporter-output>
          </reporter-output>
        </test-method> <!-- tearDown -->
      </class> <!-- com.selenium.tests.LoginTest -->
      <class name="com.selenium.AppTest">
        <test-method signature="testExample()[pri:0, instance:com.selenium.AppTest@17c1bced]" started-at="2025-04-16T23:36:36 IST" name="testExample" finished-at="2025-04-16T23:36:36 IST" duration-ms="5" status="PASS">
          <reporter-output>
          </reporter-output>
        </test-method> <!-- testExample -->
      </class> <!-- com.selenium.AppTest -->
    </test> <!-- Surefire test -->
  </suite> <!-- Surefire suite -->
</testng-results>
